Using pre-set license
Built from '2020.2/release' branch; Version is '2020.2.1f1 (270dd8c3da1c) revision 2559448'; Using compiler version '192528614'; Build Type 'Release'
OS: 'Windows 10  (10.0.0) 64bit' Language: 'en' Physical Memory: 16310 MB
BatchMode: 1, IsHumanControllingUs: 0, StartBugReporterOnCrash: 0, Is64bit: 1, IsPro: 0

 COMMAND LINE ARGUMENTS:
C:\Program Files\Unity\Hub\Editor\2020.2.1f1\Editor\Unity.exe
-adb2
-batchMode
-noUpm
-name
AssetImportWorker0
-projectPath
C:/Users/jessi/Documents/cs4240/cs4240-project/cs4240-project
-logFile
Logs/AssetImportWorker0.log
-srvPort
63316
Successfully changed project path to: C:/Users/jessi/Documents/cs4240/cs4240-project/cs4240-project
C:/Users/jessi/Documents/cs4240/cs4240-project/cs4240-project
Using Asset Import Pipeline V2.
Refreshing native plugins compatible for Editor in 30.40 ms, found 0 plugins.
Preloading 0 native plugins for Editor in 0.00 ms.
Initialize engine version: 2020.2.1f1 (270dd8c3da1c)
[Subsystems] Discovering subsystems at path C:/Program Files/Unity/Hub/Editor/2020.2.1f1/Editor/Data/Resources/UnitySubsystems
[Subsystems] Discovering subsystems at path C:/Users/jessi/Documents/cs4240/cs4240-project/cs4240-project/Assets
GfxDevice: creating device client; threaded=0
Direct3D:
    Version:  Direct3D 11.0 [level 11.1]
    Renderer: NVIDIA GeForce GTX 1060 6GB (ID=0x1c03)
    Vendor:   
    VRAM:     6052 MB
    Driver:   27.21.14.5671
Initialize mono
Mono path[0] = 'C:/Program Files/Unity/Hub/Editor/2020.2.1f1/Editor/Data/Managed'
Mono path[1] = 'C:/Program Files/Unity/Hub/Editor/2020.2.1f1/Editor/Data/MonoBleedingEdge/lib/mono/unityjit'
Mono config path = 'C:/Program Files/Unity/Hub/Editor/2020.2.1f1/Editor/Data/MonoBleedingEdge/etc'
Using monoOptions --debugger-agent=transport=dt_socket,embedding=1,server=y,suspend=n,address=127.0.0.1:56768
Begin MonoManager ReloadAssembly
Registering precompiled unity dll's ...
Register platform support module: C:/Program Files/Unity/Hub/Editor/2020.2.1f1/Editor/Data/PlaybackEngines/WindowsStandaloneSupport/UnityEditor.WindowsStandalone.Extensions.dll
Registered in 0.002628 seconds.
Native extension for WindowsStandalone target not found
Refreshing native plugins compatible for Editor in 28.36 ms, found 0 plugins.
Preloading 0 native plugins for Editor in 0.00 ms.
Invoked RoslynAnalysisRunner static constructor.
RoslynAnalysisRunner will not be running.
RoslynAnalysisRunner has terminated.
Mono: successfully reloaded assembly
- Completed reload, in  2.183 seconds
Platform modules already initialized, skipping
Registering precompiled user dll's ...
Registered in 0.000893 seconds.
Begin MonoManager ReloadAssembly
Native extension for WindowsStandalone target not found
Refreshing native plugins compatible for Editor in 0.26 ms, found 0 plugins.
Preloading 0 native plugins for Editor in 0.00 ms.
Invoked RoslynAnalysisRunner static constructor.
RoslynAnalysisRunner will not be running.
RoslynAnalysisRunner has terminated.
Mono: successfully reloaded assembly
- Completed reload, in  1.030 seconds
Platform modules already initialized, skipping
========================================================================
Worker process is ready to serve import requests
Launched and connected shader compiler UnityShaderCompiler.exe after 0.07 seconds
Refreshing native plugins compatible for Editor in 0.25 ms, found 0 plugins.
Preloading 0 native plugins for Editor in 0.00 ms.
Unloading 1269 Unused Serialized files (Serialized files now loaded: 0)
System memory in use before: 61.1 MB.
System memory in use after: 61.2 MB.

Unloading 10 unused Assets to reduce memory usage. Loaded Objects now: 1708.
Total: 1.794800 ms (FindLiveObjects: 0.153300 ms CreateObjectMapping: 0.032000 ms MarkObjects: 1.522800 ms  DeleteObjects: 0.085300 ms)

========================================================================
Received Import Request.
  path: Assets/HTC.UnityPlugin/HTC.ViveInputUtility.asmdef
  artifactKey: Guid(4aa80e501d649f0408d84c41352e4032) Importer(815301076,1909f56bfc062723c751e8b465ee728b)
Start importing Assets/HTC.UnityPlugin/HTC.ViveInputUtility.asmdef using Guid(4aa80e501d649f0408d84c41352e4032) Importer(815301076,1909f56bfc062723c751e8b465ee728b)  -> (artifact id: '883888efa26d8fd7f39f66a816529fb7') in 0.100844 seconds
  Import took 0.103008 seconds .

========================================================================
Received Import Request.
  Time since last request: 0.008005 seconds.
  path: Assets/HTC.UnityPlugin
  artifactKey: Guid(3c6a4c4e7233aac4fa2db9d51cf61929) Importer(815301076,1909f56bfc062723c751e8b465ee728b)
Start importing Assets/HTC.UnityPlugin using Guid(3c6a4c4e7233aac4fa2db9d51cf61929) Importer(815301076,1909f56bfc062723c751e8b465ee728b)  -> (artifact id: '09005d95c51000031a1e4bbc36026d9f') in 0.009453 seconds
  Import took 0.012015 seconds .

========================================================================
Received Import Request.
  Time since last request: 2101.462146 seconds.
  path: Assets/HTC.UnityPlugin/ViveInputUtility
  artifactKey: Guid(8b608c5a58e520544ac116bd8ec63105) Importer(815301076,1909f56bfc062723c751e8b465ee728b)
Start importing Assets/HTC.UnityPlugin/ViveInputUtility using Guid(8b608c5a58e520544ac116bd8ec63105) Importer(815301076,1909f56bfc062723c751e8b465ee728b)  -> (artifact id: 'e6ef326d28749ad8edacafee65d16970') in 0.011239 seconds
  Import took 0.013789 seconds .

========================================================================
Received Import Request.
  Time since last request: 9.832321 seconds.
  path: Assets/HTC.UnityPlugin/ViveInputUtility/Scripts
  artifactKey: Guid(9643ffea5b77cca419aa9c3f9625209f) Importer(815301076,1909f56bfc062723c751e8b465ee728b)
Start importing Assets/HTC.UnityPlugin/ViveInputUtility/Scripts using Guid(9643ffea5b77cca419aa9c3f9625209f) Importer(815301076,1909f56bfc062723c751e8b465ee728b)  -> (artifact id: 'cb287f733623c6380812c96d07c02026') in 0.009485 seconds
  Import took 0.011560 seconds .

========================================================================
Received Import Request.
  Time since last request: 5.977715 seconds.
  path: Assets/HTC.UnityPlugin/ViveInputUtility/Prefabs/[ViveInputUtility].prefab
  artifactKey: Guid(8075b10b3fa5b5b45bc02a03074b8b95) Importer(815301076,1909f56bfc062723c751e8b465ee728b)
Start importing Assets/HTC.UnityPlugin/ViveInputUtility/Prefabs/[ViveInputUtility].prefab using Guid(8075b10b3fa5b5b45bc02a03074b8b95) Importer(815301076,1909f56bfc062723c751e8b465ee728b)  -> (artifact id: '63e6b064cee48ce8b5622fc46df0898c') in 0.375850 seconds
  Import took 0.378226 seconds .

========================================================================
Received Import Request.
  Time since last request: 0.000228 seconds.
  path: Assets/HTC.UnityPlugin/ViveInputUtility/Resources/Sprites/binding_ui_icons.png
  artifactKey: Guid(3a23c65532a98fa409e94bf90a84543e) Importer(815301076,1909f56bfc062723c751e8b465ee728b)
Start importing Assets/HTC.UnityPlugin/ViveInputUtility/Resources/Sprites/binding_ui_icons.png using Guid(3a23c65532a98fa409e94bf90a84543e) Importer(815301076,1909f56bfc062723c751e8b465ee728b)  -> (artifact id: 'fc2583f0104fb57525a228deddd8be0e') in 0.169951 seconds
  Import took 0.171964 seconds .

========================================================================
Received Import Request.
  Time since last request: 1.558613 seconds.
  path: Assets/HTC.UnityPlugin/ViveInputUtility/Prefabs/ViveCameraRig.prefab
  artifactKey: Guid(cb3370c18187bb444b240cfb08dcc02f) Importer(815301076,1909f56bfc062723c751e8b465ee728b)
Start importing Assets/HTC.UnityPlugin/ViveInputUtility/Prefabs/ViveCameraRig.prefab using Guid(cb3370c18187bb444b240cfb08dcc02f) Importer(815301076,1909f56bfc062723c751e8b465ee728b)  -> (artifact id: '28e1107c2e84cabe19baff91b843d68d') in 0.029969 seconds
  Import took 0.032263 seconds .

========================================================================
Received Prepare
Registering precompiled user dll's ...
Registered in 0.000781 seconds.
Begin MonoManager ReloadAssembly
Native extension for WindowsStandalone target not found
Refreshing native plugins compatible for Editor in 0.29 ms, found 0 plugins.
Preloading 0 native plugins for Editor in 0.00 ms.
Invoked RoslynAnalysisRunner static constructor.
RoslynAnalysisRunner will not be running.
RoslynAnalysisRunner has terminated.
Mono: successfully reloaded assembly
- Completed reload, in  0.783 seconds
Platform modules already initialized, skipping
Refreshing native plugins compatible for Editor in 0.25 ms, found 0 plugins.
Preloading 0 native plugins for Editor in 0.00 ms.
Unloading 1263 Unused Serialized files (Serialized files now loaded: 0)
System memory in use before: 64.3 MB.
System memory in use after: 64.3 MB.

Unloading 5 unused Assets to reduce memory usage. Loaded Objects now: 1727.
Total: 1.663200 ms (FindLiveObjects: 0.174700 ms CreateObjectMapping: 0.032500 ms MarkObjects: 1.412400 ms  DeleteObjects: 0.042700 ms)

========================================================================
Received Prepare
Refreshing native plugins compatible for Editor in 0.86 ms, found 0 plugins.
Preloading 0 native plugins for Editor in 0.00 ms.
Unloading 3 Unused Serialized files (Serialized files now loaded: 0)
System memory in use before: 39.4 MB.
System memory in use after: 39.5 MB.

Unloading 3 unused Assets to reduce memory usage. Loaded Objects now: 1727.
Total: 1.826000 ms (FindLiveObjects: 0.280100 ms CreateObjectMapping: 0.065900 ms MarkObjects: 1.436500 ms  DeleteObjects: 0.042200 ms)

========================================================================
Received Prepare
Registering precompiled user dll's ...
Registered in 0.000828 seconds.
Begin MonoManager ReloadAssembly
Native extension for WindowsStandalone target not found
Refreshing native plugins compatible for Editor in 0.26 ms, found 0 plugins.
Preloading 0 native plugins for Editor in 0.00 ms.
Invoked RoslynAnalysisRunner static constructor.
RoslynAnalysisRunner will not be running.
RoslynAnalysisRunner has terminated.
Mono: successfully reloaded assembly
- Completed reload, in  0.774 seconds
Platform modules already initialized, skipping
Refreshing native plugins compatible for Editor in 0.27 ms, found 0 plugins.
Preloading 0 native plugins for Editor in 0.00 ms.
Unloading 1263 Unused Serialized files (Serialized files now loaded: 0)
System memory in use before: 64.4 MB.
System memory in use after: 64.5 MB.

Unloading 5 unused Assets to reduce memory usage. Loaded Objects now: 1729.
Total: 1.672600 ms (FindLiveObjects: 0.177800 ms CreateObjectMapping: 0.030400 ms MarkObjects: 1.418500 ms  DeleteObjects: 0.044300 ms)

AssetImportWorkerClient::OnTransportError - code=2 error=End of file
